{"/Users/s3rious/Documents/Projects/kostyl/src/component.js": {"path":"/Users/s3rious/Documents/Projects/kostyl/src/component.js","statementMap":{"0":{"start":{"line":22,"column":25},"end":{"line":22,"column":46}},"1":{"start":{"line":23,"column":4},"end":{"line":23,"column":33}},"2":{"start":{"line":27,"column":4},"end":{"line":32,"column":5}},"3":{"start":{"line":28,"column":6},"end":{"line":28,"column":60}},"4":{"start":{"line":31,"column":6},"end":{"line":31,"column":102}},"5":{"start":{"line":36,"column":4},"end":{"line":38,"column":5}},"6":{"start":{"line":37,"column":6},"end":{"line":37,"column":75}},"7":{"start":{"line":40,"column":4},"end":{"line":40,"column":30}},"8":{"start":{"line":42,"column":22},"end":{"line":42,"column":70}},"9":{"start":{"line":44,"column":4},"end":{"line":44,"column":21}},"10":{"start":{"line":45,"column":4},"end":{"line":45,"column":71}},"11":{"start":{"line":46,"column":4},"end":{"line":46,"column":21}},"12":{"start":{"line":47,"column":4},"end":{"line":47,"column":23}},"13":{"start":{"line":49,"column":20},"end":{"line":69,"column":5}},"14":{"start":{"line":50,"column":6},"end":{"line":50,"column":43}},"15":{"start":{"line":50,"column":31},"end":{"line":50,"column":41}},"16":{"start":{"line":51,"column":50},"end":{"line":51,"column":100}},"17":{"start":{"line":52,"column":44},"end":{"line":52,"column":84}},"18":{"start":{"line":54,"column":8},"end":{"line":56,"column":10}},"19":{"start":{"line":55,"column":10},"end":{"line":55,"column":56}},"20":{"start":{"line":58,"column":24},"end":{"line":67,"column":10}},"21":{"start":{"line":59,"column":26},"end":{"line":59,"column":28}},"22":{"start":{"line":60,"column":8},"end":{"line":65,"column":11}},"23":{"start":{"line":61,"column":10},"end":{"line":63,"column":11}},"24":{"start":{"line":62,"column":12},"end":{"line":62,"column":92}},"25":{"start":{"line":64,"column":10},"end":{"line":64,"column":39}},"26":{"start":{"line":66,"column":8},"end":{"line":66,"column":21}},"27":{"start":{"line":68,"column":6},"end":{"line":68,"column":23}},"28":{"start":{"line":70,"column":4},"end":{"line":70,"column":68}},"29":{"start":{"line":72,"column":4},"end":{"line":72,"column":29}},"30":{"start":{"line":80,"column":4},"end":{"line":80,"column":63}},"31":{"start":{"line":81,"column":4},"end":{"line":81,"column":25}},"32":{"start":{"line":85,"column":29},"end":{"line":85,"column":39}},"33":{"start":{"line":86,"column":4},"end":{"line":86,"column":44}},"34":{"start":{"line":90,"column":29},"end":{"line":90,"column":39}},"35":{"start":{"line":91,"column":32},"end":{"line":91,"column":63}},"36":{"start":{"line":92,"column":25},"end":{"line":92,"column":62}},"37":{"start":{"line":93,"column":4},"end":{"line":95,"column":5}},"38":{"start":{"line":94,"column":6},"end":{"line":94,"column":44}},"39":{"start":{"line":96,"column":4},"end":{"line":96,"column":29}},"40":{"start":{"line":97,"column":4},"end":{"line":105,"column":5}},"41":{"start":{"line":98,"column":24},"end":{"line":98,"column":58}},"42":{"start":{"line":99,"column":6},"end":{"line":103,"column":9}},"43":{"start":{"line":100,"column":8},"end":{"line":102,"column":9}},"44":{"start":{"line":101,"column":10},"end":{"line":101,"column":61}},"45":{"start":{"line":104,"column":6},"end":{"line":104,"column":41}},"46":{"start":{"line":106,"column":4},"end":{"line":106,"column":22}},"47":{"start":{"line":118,"column":20},"end":{"line":118,"column":41}},"48":{"start":{"line":119,"column":26},"end":{"line":119,"column":76}},"49":{"start":{"line":121,"column":4},"end":{"line":123,"column":5}},"50":{"start":{"line":122,"column":6},"end":{"line":122,"column":84}},"51":{"start":{"line":125,"column":4},"end":{"line":132,"column":5}},"52":{"start":{"line":126,"column":6},"end":{"line":126,"column":56}},"53":{"start":{"line":127,"column":6},"end":{"line":127,"column":59}},"54":{"start":{"line":128,"column":6},"end":{"line":128,"column":25}},"55":{"start":{"line":131,"column":6},"end":{"line":131,"column":52}},"56":{"start":{"line":136,"column":4},"end":{"line":140,"column":5}},"57":{"start":{"line":137,"column":51},"end":{"line":137,"column":61}},"58":{"start":{"line":138,"column":6},"end":{"line":138,"column":59}},"59":{"start":{"line":139,"column":6},"end":{"line":139,"column":24}},"60":{"start":{"line":141,"column":4},"end":{"line":141,"column":22}},"61":{"start":{"line":147,"column":4},"end":{"line":147,"column":32}},"62":{"start":{"line":149,"column":4},"end":{"line":155,"column":6}},"63":{"start":{"line":153,"column":8},"end":{"line":153,"column":26}},"64":{"start":{"line":157,"column":4},"end":{"line":157,"column":21}}},"fnMap":{"0":{"name":"(anonymous_0)","decl":{"start":{"line":21,"column":2},"end":{"line":21,"column":3}},"loc":{"start":{"line":21,"column":45},"end":{"line":24,"column":3}},"line":21},"1":{"name":"(anonymous_1)","decl":{"start":{"line":26,"column":2},"end":{"line":26,"column":3}},"loc":{"start":{"line":26,"column":47},"end":{"line":33,"column":3}},"line":26},"2":{"name":"(anonymous_2)","decl":{"start":{"line":35,"column":2},"end":{"line":35,"column":3}},"loc":{"start":{"line":35,"column":57},"end":{"line":73,"column":3}},"line":35},"3":{"name":"(anonymous_3)","decl":{"start":{"line":49,"column":20},"end":{"line":49,"column":21}},"loc":{"start":{"line":49,"column":32},"end":{"line":69,"column":5}},"line":49},"4":{"name":"(anonymous_4)","decl":{"start":{"line":54,"column":27},"end":{"line":54,"column":28}},"loc":{"start":{"line":54,"column":58},"end":{"line":56,"column":9}},"line":54},"5":{"name":"(anonymous_5)","decl":{"start":{"line":58,"column":25},"end":{"line":58,"column":26}},"loc":{"start":{"line":58,"column":37},"end":{"line":67,"column":7}},"line":58},"6":{"name":"(anonymous_6)","decl":{"start":{"line":60,"column":41},"end":{"line":60,"column":42}},"loc":{"start":{"line":60,"column":48},"end":{"line":65,"column":9}},"line":60},"7":{"name":"(anonymous_7)","decl":{"start":{"line":75,"column":2},"end":{"line":75,"column":3}},"loc":{"start":{"line":75,"column":30},"end":{"line":75,"column":32}},"line":75},"8":{"name":"(anonymous_8)","decl":{"start":{"line":77,"column":2},"end":{"line":77,"column":3}},"loc":{"start":{"line":77,"column":29},"end":{"line":77,"column":31}},"line":77},"9":{"name":"(anonymous_9)","decl":{"start":{"line":79,"column":2},"end":{"line":79,"column":3}},"loc":{"start":{"line":79,"column":62},"end":{"line":82,"column":3}},"line":79},"10":{"name":"(anonymous_10)","decl":{"start":{"line":84,"column":2},"end":{"line":84,"column":3}},"loc":{"start":{"line":84,"column":54},"end":{"line":87,"column":3}},"line":84},"11":{"name":"(anonymous_11)","decl":{"start":{"line":89,"column":2},"end":{"line":89,"column":3}},"loc":{"start":{"line":89,"column":37},"end":{"line":107,"column":3}},"line":89},"12":{"name":"(anonymous_12)","decl":{"start":{"line":99,"column":41},"end":{"line":99,"column":42}},"loc":{"start":{"line":99,"column":58},"end":{"line":103,"column":7}},"line":99},"13":{"name":"(anonymous_13)","decl":{"start":{"line":109,"column":2},"end":{"line":109,"column":3}},"loc":{"start":{"line":109,"column":47},"end":{"line":109,"column":49}},"line":109},"14":{"name":"(anonymous_14)","decl":{"start":{"line":111,"column":2},"end":{"line":111,"column":3}},"loc":{"start":{"line":111,"column":46},"end":{"line":111,"column":48}},"line":111},"15":{"name":"(anonymous_15)","decl":{"start":{"line":113,"column":2},"end":{"line":113,"column":3}},"loc":{"start":{"line":117,"column":12},"end":{"line":133,"column":3}},"line":117},"16":{"name":"(anonymous_16)","decl":{"start":{"line":135,"column":2},"end":{"line":135,"column":3}},"loc":{"start":{"line":135,"column":41},"end":{"line":142,"column":3}},"line":135},"17":{"name":"(anonymous_17)","decl":{"start":{"line":144,"column":2},"end":{"line":144,"column":3}},"loc":{"start":{"line":144,"column":32},"end":{"line":144,"column":34}},"line":144},"18":{"name":"(anonymous_18)","decl":{"start":{"line":146,"column":2},"end":{"line":146,"column":3}},"loc":{"start":{"line":146,"column":19},"end":{"line":158,"column":3}},"line":146},"19":{"name":"(anonymous_19)","decl":{"start":{"line":152,"column":14},"end":{"line":152,"column":15}},"loc":{"start":{"line":152,"column":37},"end":{"line":154,"column":7}},"line":152}},"branchMap":{"0":{"loc":{"start":{"line":28,"column":13},"end":{"line":28,"column":59}},"type":"cond-expr","locations":[{"start":{"line":28,"column":33},"end":{"line":28,"column":35}},{"start":{"line":28,"column":38},"end":{"line":28,"column":59}}],"line":28},"1":{"loc":{"start":{"line":36,"column":4},"end":{"line":38,"column":5}},"type":"if","locations":[{"start":{"line":36,"column":4},"end":{"line":38,"column":5}},{"start":{"line":36,"column":4},"end":{"line":38,"column":5}}],"line":36},"2":{"loc":{"start":{"line":36,"column":8},"end":{"line":36,"column":36}},"type":"binary-expr","locations":[{"start":{"line":36,"column":8},"end":{"line":36,"column":20}},{"start":{"line":36,"column":24},"end":{"line":36,"column":36}}],"line":36},"3":{"loc":{"start":{"line":45,"column":17},"end":{"line":45,"column":70}},"type":"binary-expr","locations":[{"start":{"line":45,"column":17},"end":{"line":45,"column":28}},{"start":{"line":45,"column":32},"end":{"line":45,"column":64}},{"start":{"line":45,"column":68},"end":{"line":45,"column":70}}],"line":45},"4":{"loc":{"start":{"line":50,"column":6},"end":{"line":50,"column":43}},"type":"if","locations":[{"start":{"line":50,"column":6},"end":{"line":50,"column":43}},{"start":{"line":50,"column":6},"end":{"line":50,"column":43}}],"line":50},"5":{"loc":{"start":{"line":61,"column":10},"end":{"line":63,"column":11}},"type":"if","locations":[{"start":{"line":61,"column":10},"end":{"line":63,"column":11}},{"start":{"line":61,"column":10},"end":{"line":63,"column":11}}],"line":61},"6":{"loc":{"start":{"line":93,"column":4},"end":{"line":95,"column":5}},"type":"if","locations":[{"start":{"line":93,"column":4},"end":{"line":95,"column":5}},{"start":{"line":93,"column":4},"end":{"line":95,"column":5}}],"line":93},"7":{"loc":{"start":{"line":97,"column":4},"end":{"line":105,"column":5}},"type":"if","locations":[{"start":{"line":97,"column":4},"end":{"line":105,"column":5}},{"start":{"line":97,"column":4},"end":{"line":105,"column":5}}],"line":97},"8":{"loc":{"start":{"line":100,"column":8},"end":{"line":102,"column":9}},"type":"if","locations":[{"start":{"line":100,"column":8},"end":{"line":102,"column":9}},{"start":{"line":100,"column":8},"end":{"line":102,"column":9}}],"line":100},"9":{"loc":{"start":{"line":116,"column":4},"end":{"line":116,"column":58}},"type":"default-arg","locations":[{"start":{"line":116,"column":49},"end":{"line":116,"column":58}}],"line":116},"10":{"loc":{"start":{"line":119,"column":26},"end":{"line":119,"column":76}},"type":"binary-expr","locations":[{"start":{"line":119,"column":27},"end":{"line":119,"column":51}},{"start":{"line":119,"column":56},"end":{"line":119,"column":76}}],"line":119},"11":{"loc":{"start":{"line":121,"column":4},"end":{"line":123,"column":5}},"type":"if","locations":[{"start":{"line":121,"column":4},"end":{"line":123,"column":5}},{"start":{"line":121,"column":4},"end":{"line":123,"column":5}}],"line":121},"12":{"loc":{"start":{"line":121,"column":8},"end":{"line":121,"column":33}},"type":"binary-expr","locations":[{"start":{"line":121,"column":8},"end":{"line":121,"column":15}},{"start":{"line":121,"column":19},"end":{"line":121,"column":33}}],"line":121},"13":{"loc":{"start":{"line":136,"column":4},"end":{"line":140,"column":5}},"type":"if","locations":[{"start":{"line":136,"column":4},"end":{"line":140,"column":5}},{"start":{"line":136,"column":4},"end":{"line":140,"column":5}}],"line":136}},"s":{"0":2,"1":2,"2":20,"3":20,"4":0,"5":27,"6":1,"7":26,"8":26,"9":26,"10":26,"11":26,"12":26,"13":26,"14":3,"15":1,"16":2,"17":2,"18":2,"19":6,"20":2,"21":2,"22":2,"23":6,"24":0,"25":6,"26":2,"27":2,"28":26,"29":26,"30":1,"31":1,"32":8,"33":8,"34":9,"35":9,"36":9,"37":9,"38":7,"39":9,"40":9,"41":7,"42":7,"43":5,"44":4,"45":7,"46":9,"47":6,"48":6,"49":6,"50":1,"51":5,"52":5,"53":5,"54":5,"55":0,"56":1,"57":1,"58":1,"59":1,"60":1,"61":4,"62":4,"63":1,"64":4},"f":{"0":2,"1":20,"2":27,"3":3,"4":6,"5":2,"6":6,"7":24,"8":23,"9":1,"10":8,"11":9,"12":5,"13":6,"14":6,"15":6,"16":1,"17":3,"18":4,"19":1},"b":{"0":[0,20],"1":[1,26],"2":[27,26],"3":[26,20,0],"4":[1,2],"5":[0,6],"6":[7,2],"7":[7,2],"8":[4,1],"9":[3],"10":[6,5],"11":[1,5],"12":[6,5],"13":[1,0]},"_coverageSchema":"332fd63041d2c1bcb487cc26dd0d5f7d97098a6c","hash":"11028412f0b820b775172bbf780f2ce8a8c891b5"}
}
