TN:
SF:/Users/s3rious/Documents/Projects/kostyl/src/component.js
FN:21,(anonymous_0)
FN:26,(anonymous_1)
FN:35,(anonymous_2)
FN:49,(anonymous_3)
FN:54,(anonymous_4)
FN:58,(anonymous_5)
FN:60,(anonymous_6)
FN:75,(anonymous_7)
FN:77,(anonymous_8)
FN:79,(anonymous_9)
FN:84,(anonymous_10)
FN:89,(anonymous_11)
FN:99,(anonymous_12)
FN:109,(anonymous_13)
FN:111,(anonymous_14)
FN:113,(anonymous_15)
FN:132,(anonymous_16)
FN:141,(anonymous_17)
FN:143,(anonymous_18)
FN:149,(anonymous_19)
FNF:20
FNH:20
FNDA:2,(anonymous_0)
FNDA:19,(anonymous_1)
FNDA:26,(anonymous_2)
FNDA:3,(anonymous_3)
FNDA:6,(anonymous_4)
FNDA:2,(anonymous_5)
FNDA:6,(anonymous_6)
FNDA:23,(anonymous_7)
FNDA:22,(anonymous_8)
FNDA:1,(anonymous_9)
FNDA:8,(anonymous_10)
FNDA:9,(anonymous_11)
FNDA:5,(anonymous_12)
FNDA:6,(anonymous_13)
FNDA:6,(anonymous_14)
FNDA:5,(anonymous_15)
FNDA:1,(anonymous_16)
FNDA:3,(anonymous_17)
FNDA:4,(anonymous_18)
FNDA:1,(anonymous_19)
DA:22,2
DA:23,2
DA:27,19
DA:28,19
DA:31,0
DA:36,26
DA:37,1
DA:40,25
DA:42,25
DA:44,25
DA:45,25
DA:46,25
DA:47,25
DA:49,25
DA:50,3
DA:51,2
DA:52,2
DA:54,2
DA:55,6
DA:58,2
DA:59,2
DA:60,2
DA:61,6
DA:62,0
DA:64,6
DA:66,2
DA:68,2
DA:70,25
DA:72,25
DA:80,1
DA:81,1
DA:85,8
DA:86,8
DA:90,9
DA:91,9
DA:92,9
DA:93,9
DA:94,7
DA:96,9
DA:97,9
DA:98,7
DA:99,7
DA:100,5
DA:101,4
DA:104,7
DA:106,9
DA:118,5
DA:119,1
DA:122,4
DA:123,4
DA:124,4
DA:125,4
DA:128,0
DA:133,1
DA:134,1
DA:135,1
DA:136,1
DA:138,1
DA:144,4
DA:146,4
DA:150,1
DA:154,4
LF:62
LH:59
BRDA:28,0,0,0
BRDA:28,0,1,19
BRDA:36,1,0,1
BRDA:36,1,1,25
BRDA:36,2,0,26
BRDA:36,2,1,25
BRDA:45,3,0,25
BRDA:45,3,1,19
BRDA:45,3,2,0
BRDA:50,4,0,1
BRDA:50,4,1,2
BRDA:61,5,0,0
BRDA:61,5,1,6
BRDA:93,6,0,7
BRDA:93,6,1,2
BRDA:97,7,0,7
BRDA:97,7,1,2
BRDA:100,8,0,4
BRDA:100,8,1,1
BRDA:116,9,0,3
BRDA:118,10,0,1
BRDA:118,10,1,4
BRDA:118,11,0,5
BRDA:118,11,1,4
BRDA:133,12,0,1
BRDA:133,12,1,0
BRF:26
BRH:22
end_of_record
