TN:
SF:/Users/s3rious/Documents/Projects/kostyl/src/component.js
FN:21,(anonymous_0)
FN:26,(anonymous_1)
FN:35,(anonymous_2)
FN:49,(anonymous_3)
FN:54,(anonymous_4)
FN:58,(anonymous_5)
FN:60,(anonymous_6)
FN:75,(anonymous_7)
FN:77,(anonymous_8)
FN:79,(anonymous_9)
FN:84,(anonymous_10)
FN:89,(anonymous_11)
FN:99,(anonymous_12)
FN:109,(anonymous_13)
FN:111,(anonymous_14)
FN:113,(anonymous_15)
FN:135,(anonymous_16)
FN:144,(anonymous_17)
FN:146,(anonymous_18)
FN:152,(anonymous_19)
FNF:20
FNH:20
FNDA:2,(anonymous_0)
FNDA:20,(anonymous_1)
FNDA:27,(anonymous_2)
FNDA:3,(anonymous_3)
FNDA:6,(anonymous_4)
FNDA:2,(anonymous_5)
FNDA:6,(anonymous_6)
FNDA:24,(anonymous_7)
FNDA:23,(anonymous_8)
FNDA:1,(anonymous_9)
FNDA:8,(anonymous_10)
FNDA:9,(anonymous_11)
FNDA:5,(anonymous_12)
FNDA:6,(anonymous_13)
FNDA:6,(anonymous_14)
FNDA:6,(anonymous_15)
FNDA:1,(anonymous_16)
FNDA:3,(anonymous_17)
FNDA:4,(anonymous_18)
FNDA:1,(anonymous_19)
DA:22,2
DA:23,2
DA:27,20
DA:28,20
DA:31,0
DA:36,27
DA:37,1
DA:40,26
DA:42,26
DA:44,26
DA:45,26
DA:46,26
DA:47,26
DA:49,26
DA:50,3
DA:51,2
DA:52,2
DA:54,2
DA:55,6
DA:58,2
DA:59,2
DA:60,2
DA:61,6
DA:62,0
DA:64,6
DA:66,2
DA:68,2
DA:70,26
DA:72,26
DA:80,1
DA:81,1
DA:85,8
DA:86,8
DA:90,9
DA:91,9
DA:92,9
DA:93,9
DA:94,7
DA:96,9
DA:97,9
DA:98,7
DA:99,7
DA:100,5
DA:101,4
DA:104,7
DA:106,9
DA:118,6
DA:119,6
DA:121,6
DA:122,1
DA:125,5
DA:126,5
DA:127,5
DA:128,5
DA:131,0
DA:136,1
DA:137,1
DA:138,1
DA:139,1
DA:141,1
DA:147,4
DA:149,4
DA:153,1
DA:157,4
LF:64
LH:61
BRDA:28,0,0,0
BRDA:28,0,1,20
BRDA:36,1,0,1
BRDA:36,1,1,26
BRDA:36,2,0,27
BRDA:36,2,1,26
BRDA:45,3,0,26
BRDA:45,3,1,20
BRDA:45,3,2,0
BRDA:50,4,0,1
BRDA:50,4,1,2
BRDA:61,5,0,0
BRDA:61,5,1,6
BRDA:93,6,0,7
BRDA:93,6,1,2
BRDA:97,7,0,7
BRDA:97,7,1,2
BRDA:100,8,0,4
BRDA:100,8,1,1
BRDA:116,9,0,3
BRDA:119,10,0,6
BRDA:119,10,1,5
BRDA:121,11,0,1
BRDA:121,11,1,5
BRDA:121,12,0,6
BRDA:121,12,1,5
BRDA:136,13,0,1
BRDA:136,13,1,0
BRF:28
BRH:24
end_of_record
